# JRE version: Java(TM) SE Runtime Environment (8.0_211-b12) (build 1.8.0_211-b12)
# Java VM: Java HotSpot(TM) 64-Bit Server VM (25.211-b12 mixed mode bsd-amd64 compressed oops)
Heap:
 PSYoungGen      total 153088K, used 20622K [0x0000000715580000, 0x0000000720000000, 0x00000007c0000000)
  eden space 131584K, 4% used [0x0000000715580000,0x0000000715bbcf10,0x000000071d600000)
  from space 21504K, 66% used [0x000000071eb00000,0x000000071f8e6c08,0x0000000720000000)
  to   space 21504K, 0% used [0x000000071d600000,0x000000071d600000,0x000000071eb00000)
 ParOldGen       total 349696K, used 67K [0x00000005c0000000, 0x00000005d5580000, 0x0000000715580000)
  object space 349696K, 0% used [0x00000005c0000000,0x00000005c0010c30,0x00000005d5580000)
 Metaspace       used 18798K, capacity 19322K, committed 19584K, reserved 1067008K
  class space    used 2471K, capacity 2608K, committed 2688K, reserved 1048576K
GC Heap History (4 events):
Event: 70.410 GC heap before
{Heap before GC invocations=1 (full 0):
 PSYoungGen      total 153088K, used 131584K [0x0000000715580000, 0x0000000720000000, 0x00000007c0000000)
  eden space 131584K, 100% used [0x0000000715580000,0x000000071d600000,0x000000071d600000)
  from space 21504K, 0% used [0x000000071eb00000,0x000000071eb00000,0x0000000720000000)
  to   space 21504K, 0% used [0x000000071d600000,0x000000071d600000,0x000000071eb00000)
 ParOldGen       total 349696K, used 0K [0x00000005c0000000, 0x00000005d5580000, 0x0000000715580000)
  object space 349696K, 0% used [0x00000005c0000000,0x00000005c0000000,0x00000005d5580000)
 Metaspace       used 17899K, capacity 18438K, committed 18688K, reserved 1064960K
  class space    used 2404K, capacity 2532K, committed 2560K, reserved 1048576K
Event: 70.417 GC heap after
Heap after GC invocations=1 (full 0):
 PSYoungGen      total 153088K, used 9247K [0x0000000715580000, 0x0000000720000000, 0x00000007c0000000)
  eden space 131584K, 0% used [0x0000000715580000,0x0000000715580000,0x000000071d600000)
  from space 21504K, 43% used [0x000000071d600000,0x000000071df07d98,0x000000071eb00000)
  to   space 21504K, 0% used [0x000000071eb00000,0x000000071eb00000,0x0000000720000000)
 ParOldGen       total 349696K, used 51K [0x00000005c0000000, 0x00000005d5580000, 0x0000000715580000)
  object space 349696K, 0% used [0x00000005c0000000,0x00000005c000cc30,0x00000005d5580000)
 Metaspace       used 17899K, capacity 18438K, committed 18688K, reserved 1064960K
  class space    used 2404K, capacity 2532K, committed 2560K, reserved 1048576K
}
Event: 98414.994 GC heap before
{Heap before GC invocations=2 (full 0):
 PSYoungGen      total 153088K, used 140831K [0x0000000715580000, 0x0000000720000000, 0x00000007c0000000)
  eden space 131584K, 100% used [0x0000000715580000,0x000000071d600000,0x000000071d600000)
  from space 21504K, 43% used [0x000000071d600000,0x000000071df07d98,0x000000071eb00000)
  to   space 21504K, 0% used [0x000000071eb00000,0x000000071eb00000,0x0000000720000000)
 ParOldGen       total 349696K, used 51K [0x00000005c0000000, 0x00000005d5580000, 0x0000000715580000)
  object space 349696K, 0% used [0x00000005c0000000,0x00000005c000cc30,0x00000005d5580000)
 Metaspace       used 18792K, capacity 19322K, committed 19584K, reserved 1067008K
  class space    used 2471K, capacity 2608K, committed 2688K, reserved 1048576K
Event: 98415.015 GC heap after
Heap after GC invocations=2 (full 0):
 PSYoungGen      total 153088K, used 14235K [0x0000000715580000, 0x0000000720000000, 0x00000007c0000000)
  eden space 131584K, 0% used [0x0000000715580000,0x0000000715580000,0x000000071d600000)
  from space 21504K, 66% used [0x000000071eb00000,0x000000071f8e6c08,0x0000000720000000)
  to   space 21504K, 0% used [0x000000071d600000,0x000000071d600000,0x000000071eb00000)
 ParOldGen       total 349696K, used 67K [0x00000005c0000000, 0x00000005d5580000, 0x0000000715580000)
  object space 349696K, 0% used [0x00000005c0000000,0x00000005c0010c30,0x00000005d5580000)
 Metaspace       used 18792K, capacity 19322K, committed 19584K, reserved 1067008K
  class space    used 2471K, capacity 2608K, committed 2688K, reserved 1048576K
}

